<?xml version="1.0" encoding="UTF-8"?>
<testng-results ignored="0" total="4" passed="4" failed="0" skipped="0">
  <reporter-output>
  </reporter-output>
  <suite started-at="2026-03-25T17:48:26 IST" name="Default suite" finished-at="2026-03-25T17:48:27 IST" duration-ms="141">
    <groups>
    </groups>
    <test started-at="2026-03-25T17:48:26 IST" name="Default test" finished-at="2026-03-25T17:48:27 IST" duration-ms="141">
      <class name="com.priority.PriorityNoPriority">
        <test-method signature="sub()[pri:0, instance:com.priority.PriorityNoPriority@29215f06]" started-at="2026-03-25T17:48:26 IST" name="sub" finished-at="2026-03-25T17:48:26 IST" duration-ms="21" status="PASS">
          <reporter-output>
          </reporter-output>
        </test-method> <!-- sub -->
        <test-method signature="add()[pri:1, instance:com.priority.PriorityNoPriority@29215f06]" started-at="2026-03-25T17:48:26 IST" name="add" finished-at="2026-03-25T17:48:26 IST" duration-ms="3" status="PASS">
          <reporter-output>
          </reporter-output>
        </test-method> <!-- add -->
        <test-method signature="div()[pri:2, instance:com.priority.PriorityNoPriority@29215f06]" started-at="2026-03-25T17:48:26 IST" name="div" finished-at="2026-03-25T17:48:26 IST" duration-ms="3" status="PASS">
          <reporter-output>
          </reporter-output>
        </test-method> <!-- div -->
        <test-method signature="multiply()[pri:8, instance:com.priority.PriorityNoPriority@29215f06]" started-at="2026-03-25T17:48:26 IST" name="multiply" finished-at="2026-03-25T17:48:26 IST" duration-ms="5" status="PASS">
          <reporter-output>
          </reporter-output>
        </test-method> <!-- multiply -->
      </class> <!-- com.priority.PriorityNoPriority -->
    </test> <!-- Default test -->
  </suite> <!-- Default suite -->
</testng-results>
