<?xml version="1.0" encoding="UTF-8"?>
<!-- Generated by org.testng.reporters.JUnitReportReporter -->
<testsuite hostname="DESKTOP-TDBBLGH" failures="0" tests="4" name="com.Priority.PositiveNegative" time="0.043" errors="0" timestamp="2026-03-25T17:45:42 IST" skipped="0">
  <testcase classname="com.Priority.PositiveNegative" name="sub" time="0.031"/>
  <testcase classname="com.Priority.PositiveNegative" name="div" time="0.004"/>
  <testcase classname="com.Priority.PositiveNegative" name="add" time="0.004"/>
  <testcase classname="com.Priority.PositiveNegative" name="multiply" time="0.004"/>
</testsuite> <!-- com.Priority.PositiveNegative -->
