<?xml version="1.0" encoding="UTF-8"?>
<!-- Generated by org.testng.reporters.JUnitReportReporter -->
<testsuite hostname="DESKTOP-TDBBLGH" failures="0" tests="4" name="com.priority.PriorityNoPriority" time="0.032" errors="0" timestamp="2026-03-25T17:48:27 IST" skipped="0">
  <testcase classname="com.priority.PriorityNoPriority" name="sub" time="0.021"/>
  <testcase classname="com.priority.PriorityNoPriority" name="add" time="0.003"/>
  <testcase classname="com.priority.PriorityNoPriority" name="div" time="0.003"/>
  <testcase classname="com.priority.PriorityNoPriority" name="multiply" time="0.005"/>
</testsuite> <!-- com.priority.PriorityNoPriority -->
