<?xml version="1.0" encoding="UTF-8"?>
<!-- Generated by org.testng.reporters.JUnitReportReporter -->
<testsuite hostname="DESKTOP-TDBBLGH" failures="0" tests="4" name="com.Priority.PositivePriority" time="0.049" errors="0" timestamp="2026-03-25T17:42:48 IST" skipped="0">
  <testcase classname="com.Priority.PositivePriority" name="add" time="0.029"/>
  <testcase classname="com.Priority.PositivePriority" name="div" time="0.004"/>
  <testcase classname="com.Priority.PositivePriority" name="sub" time="0.012"/>
  <testcase classname="com.Priority.PositivePriority" name="multiply" time="0.004"/>
</testsuite> <!-- com.Priority.PositivePriority -->
