<?xml version="1.0" encoding="UTF-8"?>
<!-- Generated by org.testng.reporters.JUnitReportReporter -->
<testsuite hostname="DESKTOP-TDBBLGH" failures="0" tests="4" name="com.Priority.NegativePriority" time="0.052" errors="0" timestamp="2026-03-25T17:44:12 IST" skipped="0">
  <testcase classname="com.Priority.NegativePriority" name="sub" time="0.028"/>
  <testcase classname="com.Priority.NegativePriority" name="div" time="0.003"/>
  <testcase classname="com.Priority.NegativePriority" name="multiply" time="0.008"/>
  <testcase classname="com.Priority.NegativePriority" name="add" time="0.013"/>
</testsuite> <!-- com.Priority.NegativePriority -->
