<?xml version="1.0" encoding="UTF-8"?>
<!-- Generated by org.testng.reporters.JUnitReportReporter -->
<testsuite hostname="DESKTOP-TDBBLGH" failures="0" tests="4" name="com.priority.SamePriority" time="0.033" errors="0" timestamp="2026-03-25T17:47:35 IST" skipped="0">
  <testcase classname="com.priority.SamePriority" name="add" time="0.020"/>
  <testcase classname="com.priority.SamePriority" name="multiply" time="0.003"/>
  <testcase classname="com.priority.SamePriority" name="sub" time="0.005"/>
  <testcase classname="com.priority.SamePriority" name="div" time="0.005"/>
</testsuite> <!-- com.priority.SamePriority -->
