<?xml version="1.0" encoding="UTF-8"?>
<!-- Generated by org.testng.reporters.JUnitReportReporter -->
<testsuite hostname="DESKTOP-TDBBLGH" failures="0" tests="3" name="com.TestDP" time="35.568" errors="0" timestamp="2026-03-25T17:39:01 IST" skipped="0">
  <testcase classname="com.TestDP" name="mercryTourLogin" time="19.034"/>
  <testcase classname="com.TestDP" name="mercryTourLogin" time="8.282"/>
  <testcase classname="com.TestDP" name="mercryTourLogin" time="8.252"/>
</testsuite> <!-- com.TestDP -->
