<?xml version="1.0" encoding="UTF-8"?>
<!-- Generated by org.testng.reporters.JUnitReportReporter -->
<testsuite hostname="DESKTOP-TDBBLGH" failures="0" tests="4" name="com.Priority.NoPriority" time="0.057" errors="0" timestamp="2026-03-25T17:39:33 IST" skipped="0">
  <testcase classname="com.Priority.NoPriority" name="div" time="0.004"/>
  <testcase classname="com.Priority.NoPriority" name="sub" time="0.009"/>
  <testcase classname="com.Priority.NoPriority" name="multiply" time="0.008"/>
  <testcase classname="com.Priority.NoPriority" name="add" time="0.036"/>
</testsuite> <!-- com.Priority.NoPriority -->
